[0.385s] Invoking command in '/root/ros2_ws/src/autoturtle': PYTHONPATH=/root/ros2_ws/build/autoturtle/prefix_override:/root/ros2_ws/install/autoturtle/lib/python3.8/site-packages:${PYTHONPATH} /usr/bin/python3 setup.py egg_info --egg-base ../../build/autoturtle build --build-base /root/ros2_ws/build/autoturtle/build install --record /root/ros2_ws/build/autoturtle/install.log --install-scripts $base/lib/autoturtle --single-version-externally-managed
[0.498s] running egg_info
[0.498s] writing ../../build/autoturtle/autoturtle.egg-info/PKG-INFO
[0.498s] writing dependency_links to ../../build/autoturtle/autoturtle.egg-info/dependency_links.txt
[0.498s] writing entry points to ../../build/autoturtle/autoturtle.egg-info/entry_points.txt
[0.498s] writing requirements to ../../build/autoturtle/autoturtle.egg-info/requires.txt
[0.498s] writing top-level names to ../../build/autoturtle/autoturtle.egg-info/top_level.txt
[0.521s] reading manifest file '../../build/autoturtle/autoturtle.egg-info/SOURCES.txt'
[0.522s] writing manifest file '../../build/autoturtle/autoturtle.egg-info/SOURCES.txt'
[0.522s] running build
[0.522s] running build_py
[0.522s] copying autoturtle/swimschool.py -> /root/ros2_ws/build/autoturtle/build/lib/autoturtle
[0.522s] copying autoturtle/back_to_square_one.py -> /root/ros2_ws/build/autoturtle/build/lib/autoturtle
[0.522s] copying autoturtle/swim_to_goal.py -> /root/ros2_ws/build/autoturtle/build/lib/autoturtle
[0.522s] running install
[0.523s] running install_lib
[0.523s] copying /root/ros2_ws/build/autoturtle/build/lib/autoturtle/swimschool.py -> /root/ros2_ws/install/autoturtle/lib/python3.8/site-packages/autoturtle
[0.524s] copying /root/ros2_ws/build/autoturtle/build/lib/autoturtle/back_to_square_one.py -> /root/ros2_ws/install/autoturtle/lib/python3.8/site-packages/autoturtle
[0.524s] copying /root/ros2_ws/build/autoturtle/build/lib/autoturtle/swim_to_goal.py -> /root/ros2_ws/install/autoturtle/lib/python3.8/site-packages/autoturtle
[0.524s] byte-compiling /root/ros2_ws/install/autoturtle/lib/python3.8/site-packages/autoturtle/swimschool.py to swimschool.cpython-38.pyc
[0.525s] byte-compiling /root/ros2_ws/install/autoturtle/lib/python3.8/site-packages/autoturtle/back_to_square_one.py to back_to_square_one.cpython-38.pyc
[0.525s] byte-compiling /root/ros2_ws/install/autoturtle/lib/python3.8/site-packages/autoturtle/swim_to_goal.py to swim_to_goal.cpython-38.pyc
[0.525s] running install_data
[0.525s] running install_egg_info
[0.527s] removing '/root/ros2_ws/install/autoturtle/lib/python3.8/site-packages/autoturtle-0.0.0-py3.8.egg-info' (and everything under it)
[0.527s] Copying ../../build/autoturtle/autoturtle.egg-info to /root/ros2_ws/install/autoturtle/lib/python3.8/site-packages/autoturtle-0.0.0-py3.8.egg-info
[0.529s] running install_scripts
[0.542s] Installing back_to_square_one script to /root/ros2_ws/install/autoturtle/lib/autoturtle
[0.542s] Installing swim_school script to /root/ros2_ws/install/autoturtle/lib/autoturtle
[0.542s] Installing swim_to_goal script to /root/ros2_ws/install/autoturtle/lib/autoturtle
[0.543s] Installing swimschool script to /root/ros2_ws/install/autoturtle/lib/autoturtle
[0.543s] Installing turtlesim_move script to /root/ros2_ws/install/autoturtle/lib/autoturtle
[0.543s] writing list of installed files to '/root/ros2_ws/build/autoturtle/install.log'
[0.558s] Invoked command in '/root/ros2_ws/src/autoturtle' returned '0': PYTHONPATH=/root/ros2_ws/build/autoturtle/prefix_override:/root/ros2_ws/install/autoturtle/lib/python3.8/site-packages:${PYTHONPATH} /usr/bin/python3 setup.py egg_info --egg-base ../../build/autoturtle build --build-base /root/ros2_ws/build/autoturtle/build install --record /root/ros2_ws/build/autoturtle/install.log --install-scripts $base/lib/autoturtle --single-version-externally-managed
