running egg_info
creating ../../build/autoturtle/autoturtle.egg-info
writing ../../build/autoturtle/autoturtle.egg-info/PKG-INFO
writing dependency_links to ../../build/autoturtle/autoturtle.egg-info/dependency_links.txt
writing entry points to ../../build/autoturtle/autoturtle.egg-info/entry_points.txt
writing requirements to ../../build/autoturtle/autoturtle.egg-info/requires.txt
writing top-level names to ../../build/autoturtle/autoturtle.egg-info/top_level.txt
writing manifest file '../../build/autoturtle/autoturtle.egg-info/SOURCES.txt'
reading manifest file '../../build/autoturtle/autoturtle.egg-info/SOURCES.txt'
writing manifest file '../../build/autoturtle/autoturtle.egg-info/SOURCES.txt'
running build
running build_py
creating /root/ros2_ws/build/autoturtle/build
creating /root/ros2_ws/build/autoturtle/build/lib
creating /root/ros2_ws/build/autoturtle/build/lib/autoturtle
copying autoturtle/__init__.py -> /root/ros2_ws/build/autoturtle/build/lib/autoturtle
copying autoturtle/turtlesim_move.py -> /root/ros2_ws/build/autoturtle/build/lib/autoturtle
running install
running install_lib
creating /root/ros2_ws/install/autoturtle/lib/python3.8/site-packages/autoturtle
copying /root/ros2_ws/build/autoturtle/build/lib/autoturtle/__init__.py -> /root/ros2_ws/install/autoturtle/lib/python3.8/site-packages/autoturtle
copying /root/ros2_ws/build/autoturtle/build/lib/autoturtle/turtlesim_move.py -> /root/ros2_ws/install/autoturtle/lib/python3.8/site-packages/autoturtle
byte-compiling /root/ros2_ws/install/autoturtle/lib/python3.8/site-packages/autoturtle/__init__.py to __init__.cpython-38.pyc
byte-compiling /root/ros2_ws/install/autoturtle/lib/python3.8/site-packages/autoturtle/turtlesim_move.py to turtlesim_move.cpython-38.pyc
running install_data
creating /root/ros2_ws/install/autoturtle/share/ament_index
creating /root/ros2_ws/install/autoturtle/share/ament_index/resource_index
creating /root/ros2_ws/install/autoturtle/share/ament_index/resource_index/packages
copying resource/autoturtle -> /root/ros2_ws/install/autoturtle/share/ament_index/resource_index/packages
copying package.xml -> /root/ros2_ws/install/autoturtle/share/autoturtle
running install_egg_info
Copying ../../build/autoturtle/autoturtle.egg-info to /root/ros2_ws/install/autoturtle/lib/python3.8/site-packages/autoturtle-0.0.0-py3.8.egg-info
running install_scripts
Installing turtlesim_move script to /root/ros2_ws/install/autoturtle/lib/autoturtle
writing list of installed files to '/root/ros2_ws/build/autoturtle/install.log'
