[0.337s] Invoking command in '/root/ros2_ws/src/autoturtle': PYTHONPATH=/root/ros2_ws/build/autoturtle/prefix_override:/root/ros2_ws/install/autoturtle/lib/python3.8/site-packages:${PYTHONPATH} /usr/bin/python3 setup.py egg_info --egg-base ../../build/autoturtle build --build-base /root/ros2_ws/build/autoturtle/build install --record /root/ros2_ws/build/autoturtle/install.log --install-scripts $base/lib/autoturtle --single-version-externally-managed
[0.458s] running egg_info
[0.458s] writing ../../build/autoturtle/autoturtle.egg-info/PKG-INFO
[0.458s] writing dependency_links to ../../build/autoturtle/autoturtle.egg-info/dependency_links.txt
[0.459s] writing entry points to ../../build/autoturtle/autoturtle.egg-info/entry_points.txt
[0.459s] writing requirements to ../../build/autoturtle/autoturtle.egg-info/requires.txt
[0.459s] writing top-level names to ../../build/autoturtle/autoturtle.egg-info/top_level.txt
[0.481s] reading manifest file '../../build/autoturtle/autoturtle.egg-info/SOURCES.txt'
[0.482s] writing manifest file '../../build/autoturtle/autoturtle.egg-info/SOURCES.txt'
[0.482s] running build
[0.482s] running build_py
[0.482s] copying autoturtle/back_to_square_one.py -> /root/ros2_ws/build/autoturtle/build/lib/autoturtle
[0.482s] running install
[0.483s] running install_lib
[0.484s] copying /root/ros2_ws/build/autoturtle/build/lib/autoturtle/back_to_square_one.py -> /root/ros2_ws/install/autoturtle/lib/python3.8/site-packages/autoturtle
[0.484s] byte-compiling /root/ros2_ws/install/autoturtle/lib/python3.8/site-packages/autoturtle/back_to_square_one.py to back_to_square_one.cpython-38.pyc
[0.485s] running install_data
[0.486s] running install_egg_info
[0.487s] removing '/root/ros2_ws/install/autoturtle/lib/python3.8/site-packages/autoturtle-0.0.0-py3.8.egg-info' (and everything under it)
[0.487s] Copying ../../build/autoturtle/autoturtle.egg-info to /root/ros2_ws/install/autoturtle/lib/python3.8/site-packages/autoturtle-0.0.0-py3.8.egg-info
[0.487s] running install_scripts
[0.498s] Installing back_to_square_one script to /root/ros2_ws/install/autoturtle/lib/autoturtle
[0.498s] Installing swim_school script to /root/ros2_ws/install/autoturtle/lib/autoturtle
[0.499s] Installing swim_to_goal script to /root/ros2_ws/install/autoturtle/lib/autoturtle
[0.499s] Installing swimschool script to /root/ros2_ws/install/autoturtle/lib/autoturtle
[0.499s] Installing turtlesim_move script to /root/ros2_ws/install/autoturtle/lib/autoturtle
[0.499s] writing list of installed files to '/root/ros2_ws/build/autoturtle/install.log'
[0.513s] Invoked command in '/root/ros2_ws/src/autoturtle' returned '0': PYTHONPATH=/root/ros2_ws/build/autoturtle/prefix_override:/root/ros2_ws/install/autoturtle/lib/python3.8/site-packages:${PYTHONPATH} /usr/bin/python3 setup.py egg_info --egg-base ../../build/autoturtle build --build-base /root/ros2_ws/build/autoturtle/build install --record /root/ros2_ws/build/autoturtle/install.log --install-scripts $base/lib/autoturtle --single-version-externally-managed
