[0.349s] Invoking command in '/root/ros2_ws/src/autoturtle': PYTHONPATH=/root/ros2_ws/build/autoturtle/prefix_override:/root/ros2_ws/install/autoturtle/lib/python3.8/site-packages:${PYTHONPATH} /usr/bin/python3 setup.py egg_info --egg-base ../../build/autoturtle build --build-base /root/ros2_ws/build/autoturtle/build install --record /root/ros2_ws/build/autoturtle/install.log --install-scripts $base/lib/autoturtle --single-version-externally-managed
[0.459s] running egg_info
[0.460s] writing ../../build/autoturtle/autoturtle.egg-info/PKG-INFO
[0.460s] writing dependency_links to ../../build/autoturtle/autoturtle.egg-info/dependency_links.txt
[0.460s] writing entry points to ../../build/autoturtle/autoturtle.egg-info/entry_points.txt
[0.460s] writing requirements to ../../build/autoturtle/autoturtle.egg-info/requires.txt
[0.460s] writing top-level names to ../../build/autoturtle/autoturtle.egg-info/top_level.txt
[0.483s] reading manifest file '../../build/autoturtle/autoturtle.egg-info/SOURCES.txt'
[0.483s] writing manifest file '../../build/autoturtle/autoturtle.egg-info/SOURCES.txt'
[0.483s] running build
[0.483s] running build_py
[0.484s] copying autoturtle/turtlesim_move.py -> /root/ros2_ws/build/autoturtle/build/lib/autoturtle
[0.484s] running install
[0.484s] running install_lib
[0.485s] copying /root/ros2_ws/build/autoturtle/build/lib/autoturtle/turtlesim_move.py -> /root/ros2_ws/install/autoturtle/lib/python3.8/site-packages/autoturtle
[0.485s] byte-compiling /root/ros2_ws/install/autoturtle/lib/python3.8/site-packages/autoturtle/turtlesim_move.py to turtlesim_move.cpython-38.pyc
[0.486s] running install_data
[0.487s] running install_egg_info
[0.488s] removing '/root/ros2_ws/install/autoturtle/lib/python3.8/site-packages/autoturtle-0.0.0-py3.8.egg-info' (and everything under it)
[0.488s] Copying ../../build/autoturtle/autoturtle.egg-info to /root/ros2_ws/install/autoturtle/lib/python3.8/site-packages/autoturtle-0.0.0-py3.8.egg-info
[0.488s] running install_scripts
[0.499s] Installing turtlesim_move script to /root/ros2_ws/install/autoturtle/lib/autoturtle
[0.500s] writing list of installed files to '/root/ros2_ws/build/autoturtle/install.log'
[0.514s] Invoked command in '/root/ros2_ws/src/autoturtle' returned '0': PYTHONPATH=/root/ros2_ws/build/autoturtle/prefix_override:/root/ros2_ws/install/autoturtle/lib/python3.8/site-packages:${PYTHONPATH} /usr/bin/python3 setup.py egg_info --egg-base ../../build/autoturtle build --build-base /root/ros2_ws/build/autoturtle/build install --record /root/ros2_ws/build/autoturtle/install.log --install-scripts $base/lib/autoturtle --single-version-externally-managed
