/root/ros2_ws/install/autoturtle/lib/python3.8/site-packages/autoturtle/swim_school.py
/root/ros2_ws/install/autoturtle/lib/python3.8/site-packages/autoturtle/__init__.py
/root/ros2_ws/install/autoturtle/lib/python3.8/site-packages/autoturtle/swimschool.py
/root/ros2_ws/install/autoturtle/lib/python3.8/site-packages/autoturtle/back_to_square_one.py
/root/ros2_ws/install/autoturtle/lib/python3.8/site-packages/autoturtle/swim_to_goal.py
/root/ros2_ws/install/autoturtle/lib/python3.8/site-packages/autoturtle/turtlesim_move.py
/root/ros2_ws/install/autoturtle/lib/python3.8/site-packages/autoturtle/__pycache__/swim_school.cpython-38.pyc
/root/ros2_ws/install/autoturtle/lib/python3.8/site-packages/autoturtle/__pycache__/__init__.cpython-38.pyc
/root/ros2_ws/install/autoturtle/lib/python3.8/site-packages/autoturtle/__pycache__/swimschool.cpython-38.pyc
/root/ros2_ws/install/autoturtle/lib/python3.8/site-packages/autoturtle/__pycache__/back_to_square_one.cpython-38.pyc
/root/ros2_ws/install/autoturtle/lib/python3.8/site-packages/autoturtle/__pycache__/swim_to_goal.cpython-38.pyc
/root/ros2_ws/install/autoturtle/lib/python3.8/site-packages/autoturtle/__pycache__/turtlesim_move.cpython-38.pyc
/root/ros2_ws/install/autoturtle/share/ament_index/resource_index/packages/autoturtle
/root/ros2_ws/install/autoturtle/share/autoturtle/package.xml
/root/ros2_ws/install/autoturtle/lib/python3.8/site-packages/autoturtle-0.0.0-py3.8.egg-info/SOURCES.txt
/root/ros2_ws/install/autoturtle/lib/python3.8/site-packages/autoturtle-0.0.0-py3.8.egg-info/zip-safe
/root/ros2_ws/install/autoturtle/lib/python3.8/site-packages/autoturtle-0.0.0-py3.8.egg-info/top_level.txt
/root/ros2_ws/install/autoturtle/lib/python3.8/site-packages/autoturtle-0.0.0-py3.8.egg-info/entry_points.txt
/root/ros2_ws/install/autoturtle/lib/python3.8/site-packages/autoturtle-0.0.0-py3.8.egg-info/requires.txt
/root/ros2_ws/install/autoturtle/lib/python3.8/site-packages/autoturtle-0.0.0-py3.8.egg-info/dependency_links.txt
/root/ros2_ws/install/autoturtle/lib/python3.8/site-packages/autoturtle-0.0.0-py3.8.egg-info/PKG-INFO
/root/ros2_ws/install/autoturtle/lib/autoturtle/back_to_square_one
/root/ros2_ws/install/autoturtle/lib/autoturtle/swim_school
/root/ros2_ws/install/autoturtle/lib/autoturtle/swim_to_goal
/root/ros2_ws/install/autoturtle/lib/autoturtle/swimschool
/root/ros2_ws/install/autoturtle/lib/autoturtle/turtlesim_move
