running egg_info
writing ../../build/autoturtle/autoturtle.egg-info/PKG-INFO
writing dependency_links to ../../build/autoturtle/autoturtle.egg-info/dependency_links.txt
writing entry points to ../../build/autoturtle/autoturtle.egg-info/entry_points.txt
writing requirements to ../../build/autoturtle/autoturtle.egg-info/requires.txt
writing top-level names to ../../build/autoturtle/autoturtle.egg-info/top_level.txt
reading manifest file '../../build/autoturtle/autoturtle.egg-info/SOURCES.txt'
writing manifest file '../../build/autoturtle/autoturtle.egg-info/SOURCES.txt'
running build
running build_py
copying autoturtle/swim_school.py -> /root/ros2_ws/build/autoturtle/build/lib/autoturtle
copying autoturtle/swimschool.py -> /root/ros2_ws/build/autoturtle/build/lib/autoturtle
running install
running install_lib
copying /root/ros2_ws/build/autoturtle/build/lib/autoturtle/swim_school.py -> /root/ros2_ws/install/autoturtle/lib/python3.8/site-packages/autoturtle
copying /root/ros2_ws/build/autoturtle/build/lib/autoturtle/swimschool.py -> /root/ros2_ws/install/autoturtle/lib/python3.8/site-packages/autoturtle
byte-compiling /root/ros2_ws/install/autoturtle/lib/python3.8/site-packages/autoturtle/swim_school.py to swim_school.cpython-38.pyc
byte-compiling /root/ros2_ws/install/autoturtle/lib/python3.8/site-packages/autoturtle/swimschool.py to swimschool.cpython-38.pyc
running install_data
running install_egg_info
removing '/root/ros2_ws/install/autoturtle/lib/python3.8/site-packages/autoturtle-0.0.0-py3.8.egg-info' (and everything under it)
Copying ../../build/autoturtle/autoturtle.egg-info to /root/ros2_ws/install/autoturtle/lib/python3.8/site-packages/autoturtle-0.0.0-py3.8.egg-info
running install_scripts
Installing back_to_square_one script to /root/ros2_ws/install/autoturtle/lib/autoturtle
Installing swim_school script to /root/ros2_ws/install/autoturtle/lib/autoturtle
Installing swim_to_goal script to /root/ros2_ws/install/autoturtle/lib/autoturtle
Installing swimschool script to /root/ros2_ws/install/autoturtle/lib/autoturtle
Installing turtlesim_move script to /root/ros2_ws/install/autoturtle/lib/autoturtle
writing list of installed files to '/root/ros2_ws/build/autoturtle/install.log'
