[0.331s] Invoking command in '/root/ros2_ws/src/autoturtle': PYTHONPATH=/root/ros2_ws/build/autoturtle/prefix_override:/root/ros2_ws/install/autoturtle/lib/python3.8/site-packages:${PYTHONPATH} /usr/bin/python3 setup.py egg_info --egg-base ../../build/autoturtle build --build-base /root/ros2_ws/build/autoturtle/build install --record /root/ros2_ws/build/autoturtle/install.log --install-scripts $base/lib/autoturtle --single-version-externally-managed
[0.447s] running egg_info
[0.448s] writing ../../build/autoturtle/autoturtle.egg-info/PKG-INFO
[0.448s] writing dependency_links to ../../build/autoturtle/autoturtle.egg-info/dependency_links.txt
[0.448s] writing entry points to ../../build/autoturtle/autoturtle.egg-info/entry_points.txt
[0.448s] writing requirements to ../../build/autoturtle/autoturtle.egg-info/requires.txt
[0.448s] writing top-level names to ../../build/autoturtle/autoturtle.egg-info/top_level.txt
[0.475s] reading manifest file '../../build/autoturtle/autoturtle.egg-info/SOURCES.txt'
[0.475s] writing manifest file '../../build/autoturtle/autoturtle.egg-info/SOURCES.txt'
[0.475s] running build
[0.475s] running build_py
[0.475s] copying autoturtle/swim_school.py -> /root/ros2_ws/build/autoturtle/build/lib/autoturtle
[0.476s] copying autoturtle/swimschool.py -> /root/ros2_ws/build/autoturtle/build/lib/autoturtle
[0.476s] copying autoturtle/swim_to_goal.py -> /root/ros2_ws/build/autoturtle/build/lib/autoturtle
[0.476s] copying autoturtle/turtlesim_move.py -> /root/ros2_ws/build/autoturtle/build/lib/autoturtle
[0.476s] running install
[0.476s] running install_lib
[0.477s] copying /root/ros2_ws/build/autoturtle/build/lib/autoturtle/swim_school.py -> /root/ros2_ws/install/autoturtle/lib/python3.8/site-packages/autoturtle
[0.477s] copying /root/ros2_ws/build/autoturtle/build/lib/autoturtle/swimschool.py -> /root/ros2_ws/install/autoturtle/lib/python3.8/site-packages/autoturtle
[0.477s] copying /root/ros2_ws/build/autoturtle/build/lib/autoturtle/swim_to_goal.py -> /root/ros2_ws/install/autoturtle/lib/python3.8/site-packages/autoturtle
[0.477s] copying /root/ros2_ws/build/autoturtle/build/lib/autoturtle/turtlesim_move.py -> /root/ros2_ws/install/autoturtle/lib/python3.8/site-packages/autoturtle
[0.478s] byte-compiling /root/ros2_ws/install/autoturtle/lib/python3.8/site-packages/autoturtle/swim_school.py to swim_school.cpython-38.pyc
[0.479s] byte-compiling /root/ros2_ws/install/autoturtle/lib/python3.8/site-packages/autoturtle/swimschool.py to swimschool.cpython-38.pyc
[0.479s] byte-compiling /root/ros2_ws/install/autoturtle/lib/python3.8/site-packages/autoturtle/swim_to_goal.py to swim_to_goal.cpython-38.pyc
[0.480s] byte-compiling /root/ros2_ws/install/autoturtle/lib/python3.8/site-packages/autoturtle/turtlesim_move.py to turtlesim_move.cpython-38.pyc
[0.480s] running install_data
[0.480s] running install_egg_info
[0.481s] removing '/root/ros2_ws/install/autoturtle/lib/python3.8/site-packages/autoturtle-0.0.0-py3.8.egg-info' (and everything under it)
[0.482s] Copying ../../build/autoturtle/autoturtle.egg-info to /root/ros2_ws/install/autoturtle/lib/python3.8/site-packages/autoturtle-0.0.0-py3.8.egg-info
[0.482s] running install_scripts
[0.494s] Installing back_to_square_one script to /root/ros2_ws/install/autoturtle/lib/autoturtle
[0.494s] Installing swim_school script to /root/ros2_ws/install/autoturtle/lib/autoturtle
[0.494s] Installing swim_to_goal script to /root/ros2_ws/install/autoturtle/lib/autoturtle
[0.494s] Installing swimschool script to /root/ros2_ws/install/autoturtle/lib/autoturtle
[0.494s] Installing turtlesim_move script to /root/ros2_ws/install/autoturtle/lib/autoturtle
[0.494s] writing list of installed files to '/root/ros2_ws/build/autoturtle/install.log'
[0.509s] Invoked command in '/root/ros2_ws/src/autoturtle' returned '0': PYTHONPATH=/root/ros2_ws/build/autoturtle/prefix_override:/root/ros2_ws/install/autoturtle/lib/python3.8/site-packages:${PYTHONPATH} /usr/bin/python3 setup.py egg_info --egg-base ../../build/autoturtle build --build-base /root/ros2_ws/build/autoturtle/build install --record /root/ros2_ws/build/autoturtle/install.log --install-scripts $base/lib/autoturtle --single-version-externally-managed
